[2019-09-02 00:07:19] production.ERROR: file_get_contents(/opt/lampp/htdocs/Laravel/Tugas_Kelompok_Laravel/project_perpustakaan/.env): failed to open stream: No such file or directory {"exception":"[object] (ErrorException(code: 0): file_get_contents(/opt/lampp/htdocs/Laravel/Tugas_Kelompok_Laravel/project_perpustakaan/.env): failed to open stream: No such file or directory at /opt/lampp/htdocs/Laravel/Tugas_Kelompok_Laravel/project_perpustakaan/vendor/laravel/framework/src/Illuminate/Foundation/Console/KeyGenerateCommand.php:96)
[stacktrace]
#0 [internal function]: Illuminate\\Foundation\\Bootstrap\\HandleExceptions->handleError(2, 'file_get_conten...', '/opt/lampp/htdo...', 96, Array)
#1 /opt/lampp/htdocs/Laravel/Tugas_Kelompok_Laravel/project_perpustakaan/vendor/laravel/framework/src/Illuminate/Foundation/Console/KeyGenerateCommand.php(96): file_get_contents('/opt/lampp/htdo...')
#2 /opt/lampp/htdocs/Laravel/Tugas_Kelompok_Laravel/project_perpustakaan/vendor/laravel/framework/src/Illuminate/Foundation/Console/KeyGenerateCommand.php(80): Illuminate\\Foundation\\Console\\KeyGenerateCommand->writeNewEnvironmentFileWith('base64:70loD0J9...')
#3 /opt/lampp/htdocs/Laravel/Tugas_Kelompok_Laravel/project_perpustakaan/vendor/laravel/framework/src/Illuminate/Foundation/Console/KeyGenerateCommand.php(45): Illuminate\\Foundation\\Console\\KeyGenerateCommand->setKeyInEnvironmentFile('base64:70loD0J9...')
#4 [internal function]: Illuminate\\Foundation\\Console\\KeyGenerateCommand->handle()
#5 /opt/lampp/htdocs/Laravel/Tugas_Kelompok_Laravel/project_perpustakaan/vendor/laravel/framework/src/Illuminate/Container/BoundMethod.php(32): call_user_func_array(Array, Array)
#6 /opt/lampp/htdocs/Laravel/Tugas_Kelompok_Laravel/project_perpustakaan/vendor/laravel/framework/src/Illuminate/Container/BoundMethod.php(90): Illuminate\\Container\\BoundMethod::Illuminate\\Container\\{closure}()
#7 /opt/lampp/htdocs/Laravel/Tugas_Kelompok_Laravel/project_perpustakaan/vendor/laravel/framework/src/Illuminate/Container/BoundMethod.php(34): Illuminate\\Container\\BoundMethod::callBoundMethod(Object(Illuminate\\Foundation\\Application), Array, Object(Closure))
#8 /opt/lampp/htdocs/Laravel/Tugas_Kelompok_Laravel/project_perpustakaan/vendor/laravel/framework/src/Illuminate/Container/Container.php(576): Illuminate\\Container\\BoundMethod::call(Object(Illuminate\\Foundation\\Application), Array, Array, NULL)
#9 /opt/lampp/htdocs/Laravel/Tugas_Kelompok_Laravel/project_perpustakaan/vendor/laravel/framework/src/Illuminate/Console/Command.php(183): Illuminate\\Container\\Container->call(Array)
#10 /opt/lampp/htdocs/Laravel/Tugas_Kelompok_Laravel/project_perpustakaan/vendor/symfony/console/Command/Command.php(255): Illuminate\\Console\\Command->execute(Object(Symfony\\Component\\Console\\Input\\ArgvInput), Object(Illuminate\\Console\\OutputStyle))
#11 /opt/lampp/htdocs/Laravel/Tugas_Kelompok_Laravel/project_perpustakaan/vendor/laravel/framework/src/Illuminate/Console/Command.php(170): Symfony\\Component\\Console\\Command\\Command->run(Object(Symfony\\Component\\Console\\Input\\ArgvInput), Object(Illuminate\\Console\\OutputStyle))
#12 /opt/lampp/htdocs/Laravel/Tugas_Kelompok_Laravel/project_perpustakaan/vendor/symfony/console/Application.php(915): Illuminate\\Console\\Command->run(Object(Symfony\\Component\\Console\\Input\\ArgvInput), Object(Symfony\\Component\\Console\\Output\\ConsoleOutput))
#13 /opt/lampp/htdocs/Laravel/Tugas_Kelompok_Laravel/project_perpustakaan/vendor/symfony/console/Application.php(272): Symfony\\Component\\Console\\Application->doRunCommand(Object(Illuminate\\Foundation\\Console\\KeyGenerateCommand), Object(Symfony\\Component\\Console\\Input\\ArgvInput), Object(Symfony\\Component\\Console\\Output\\ConsoleOutput))
#14 /opt/lampp/htdocs/Laravel/Tugas_Kelompok_Laravel/project_perpustakaan/vendor/symfony/console/Application.php(148): Symfony\\Component\\Console\\Application->doRun(Object(Symfony\\Component\\Console\\Input\\ArgvInput), Object(Symfony\\Component\\Console\\Output\\ConsoleOutput))
#15 /opt/lampp/htdocs/Laravel/Tugas_Kelompok_Laravel/project_perpustakaan/vendor/laravel/framework/src/Illuminate/Console/Application.php(90): Symfony\\Component\\Console\\Application->run(Object(Symfony\\Component\\Console\\Input\\ArgvInput), Object(Symfony\\Component\\Console\\Output\\ConsoleOutput))
#16 /opt/lampp/htdocs/Laravel/Tugas_Kelompok_Laravel/project_perpustakaan/vendor/laravel/framework/src/Illuminate/Foundation/Console/Kernel.php(133): Illuminate\\Console\\Application->run(Object(Symfony\\Component\\Console\\Input\\ArgvInput), Object(Symfony\\Component\\Console\\Output\\ConsoleOutput))
#17 /opt/lampp/htdocs/Laravel/Tugas_Kelompok_Laravel/project_perpustakaan/artisan(37): Illuminate\\Foundation\\Console\\Kernel->handle(Object(Symfony\\Component\\Console\\Input\\ArgvInput), Object(Symfony\\Component\\Console\\Output\\ConsoleOutput))
#18 {main}
"} 
[2019-09-02 00:09:55] local.ERROR: SQLSTATE[HY000] [1049] Unknown database 'crud' (SQL: select * from information_schema.tables where table_schema = crud and table_name = migrations and table_type = 'BASE TABLE') {"exception":"[object] (Illuminate\\Database\\QueryException(code: 1049): SQLSTATE[HY000] [1049] Unknown database 'crud' (SQL: select * from information_schema.tables where table_schema = crud and table_name = migrations and table_type = 'BASE TABLE') at /opt/lampp/htdocs/Laravel/Tugas_Kelompok_Laravel/project_perpustakaan/vendor/laravel/framework/src/Illuminate/Database/Connection.php:664, PDOException(code: 1049): SQLSTATE[HY000] [1049] Unknown database 'crud' at /opt/lampp/htdocs/Laravel/Tugas_Kelompok_Laravel/project_perpustakaan/vendor/laravel/framework/src/Illuminate/Database/Connectors/Connector.php:70)
[stacktrace]
#0 /opt/lampp/htdocs/Laravel/Tugas_Kelompok_Laravel/project_perpustakaan/vendor/laravel/framework/src/Illuminate/Database/Connection.php(624): Illuminate\\Database\\Connection->runQueryCallback('select * from i...', Array, Object(Closure))
#1 /opt/lampp/htdocs/Laravel/Tugas_Kelompok_Laravel/project_perpustakaan/vendor/laravel/framework/src/Illuminate/Database/Connection.php(333): Illuminate\\Database\\Connection->run('select * from i...', Array, Object(Closure))
#2 /opt/lampp/htdocs/Laravel/Tugas_Kelompok_Laravel/project_perpustakaan/vendor/laravel/framework/src/Illuminate/Database/Schema/MySqlBuilder.php(18): Illuminate\\Database\\Connection->select('select * from i...', Array)
#3 /opt/lampp/htdocs/Laravel/Tugas_Kelompok_Laravel/project_perpustakaan/vendor/laravel/framework/src/Illuminate/Database/Migrations/DatabaseMigrationRepository.php(169): Illuminate\\Database\\Schema\\MySqlBuilder->hasTable('migrations')
#4 /opt/lampp/htdocs/Laravel/Tugas_Kelompok_Laravel/project_perpustakaan/vendor/laravel/framework/src/Illuminate/Database/Migrations/Migrator.php(585): Illuminate\\Database\\Migrations\\DatabaseMigrationRepository->repositoryExists()
#5 /opt/lampp/htdocs/Laravel/Tugas_Kelompok_Laravel/project_perpustakaan/vendor/laravel/framework/src/Illuminate/Database/Console/Migrations/MigrateCommand.php(91): Illuminate\\Database\\Migrations\\Migrator->repositoryExists()
#6 /opt/lampp/htdocs/Laravel/Tugas_Kelompok_Laravel/project_perpustakaan/vendor/laravel/framework/src/Illuminate/Database/Console/Migrations/MigrateCommand.php(63): Illuminate\\Database\\Console\\Migrations\\MigrateCommand->prepareDatabase()
#7 [internal function]: Illuminate\\Database\\Console\\Migrations\\MigrateCommand->handle()
#8 /opt/lampp/htdocs/Laravel/Tugas_Kelompok_Laravel/project_perpustakaan/vendor/laravel/framework/src/Illuminate/Container/BoundMethod.php(32): call_user_func_array(Array, Array)
#9 /opt/lampp/htdocs/Laravel/Tugas_Kelompok_Laravel/project_perpustakaan/vendor/laravel/framework/src/Illuminate/Container/BoundMethod.php(90): Illuminate\\Container\\BoundMethod::Illuminate\\Container\\{closure}()
#10 /opt/lampp/htdocs/Laravel/Tugas_Kelompok_Laravel/project_perpustakaan/vendor/laravel/framework/src/Illuminate/Container/BoundMethod.php(34): Illuminate\\Container\\BoundMethod::callBoundMethod(Object(Illuminate\\Foundation\\Application), Array, Object(Closure))
#11 /opt/lampp/htdocs/Laravel/Tugas_Kelompok_Laravel/project_perpustakaan/vendor/laravel/framework/src/Illuminate/Container/Container.php(576): Illuminate\\Container\\BoundMethod::call(Object(Illuminate\\Foundation\\Application), Array, Array, NULL)
#12 /opt/lampp/htdocs/Laravel/Tugas_Kelompok_Laravel/project_perpustakaan/vendor/laravel/framework/src/Illuminate/Console/Command.php(183): Illuminate\\Container\\Container->call(Array)
#13 /opt/lampp/htdocs/Laravel/Tugas_Kelompok_Laravel/project_perpustakaan/vendor/symfony/console/Command/Command.php(255): Illuminate\\Console\\Command->execute(Object(Symfony\\Component\\Console\\Input\\ArgvInput), Object(Illuminate\\Console\\OutputStyle))
#14 /opt/lampp/htdocs/Laravel/Tugas_Kelompok_Laravel/project_perpustakaan/vendor/laravel/framework/src/Illuminate/Console/Command.php(170): Symfony\\Component\\Console\\Command\\Command->run(Object(Symfony\\Component\\Console\\Input\\ArgvInput), Object(Illuminate\\Console\\OutputStyle))
#15 /opt/lampp/htdocs/Laravel/Tugas_Kelompok_Laravel/project_perpustakaan/vendor/symfony/console/Application.php(915): Illuminate\\Console\\Command->run(Object(Symfony\\Component\\Console\\Input\\ArgvInput), Object(Symfony\\Component\\Console\\Output\\ConsoleOutput))
#16 /opt/lampp/htdocs/Laravel/Tugas_Kelompok_Laravel/project_perpustakaan/vendor/symfony/console/Application.php(272): Symfony\\Component\\Console\\Application->doRunCommand(Object(Illuminate\\Database\\Console\\Migrations\\MigrateCommand), Object(Symfony\\Component\\Console\\Input\\ArgvInput), Object(Symfony\\Component\\Console\\Output\\ConsoleOutput))
#17 /opt/lampp/htdocs/Laravel/Tugas_Kelompok_Laravel/project_perpustakaan/vendor/symfony/console/Application.php(148): Symfony\\Component\\Console\\Application->doRun(Object(Symfony\\Component\\Console\\Input\\ArgvInput), Object(Symfony\\Component\\Console\\Output\\ConsoleOutput))
#18 /opt/lampp/htdocs/Laravel/Tugas_Kelompok_Laravel/project_perpustakaan/vendor/laravel/framework/src/Illuminate/Console/Application.php(90): Symfony\\Component\\Console\\Application->run(Object(Symfony\\Component\\Console\\Input\\ArgvInput), Object(Symfony\\Component\\Console\\Output\\ConsoleOutput))
#19 /opt/lampp/htdocs/Laravel/Tugas_Kelompok_Laravel/project_perpustakaan/vendor/laravel/framework/src/Illuminate/Foundation/Console/Kernel.php(133): Illuminate\\Console\\Application->run(Object(Symfony\\Component\\Console\\Input\\ArgvInput), Object(Symfony\\Component\\Console\\Output\\ConsoleOutput))
#20 /opt/lampp/htdocs/Laravel/Tugas_Kelompok_Laravel/project_perpustakaan/artisan(37): Illuminate\\Foundation\\Console\\Kernel->handle(Object(Symfony\\Component\\Console\\Input\\ArgvInput), Object(Symfony\\Component\\Console\\Output\\ConsoleOutput))
#21 {main}
"} 
[2019-09-02 00:10:31] local.ERROR: SQLSTATE[HY000] [1049] Unknown database 'crud' (SQL: select * from information_schema.tables where table_schema = crud and table_name = migrations and table_type = 'BASE TABLE') {"exception":"[object] (Illuminate\\Database\\QueryException(code: 1049): SQLSTATE[HY000] [1049] Unknown database 'crud' (SQL: select * from information_schema.tables where table_schema = crud and table_name = migrations and table_type = 'BASE TABLE') at /opt/lampp/htdocs/Laravel/Tugas_Kelompok_Laravel/project_perpustakaan/vendor/laravel/framework/src/Illuminate/Database/Connection.php:664, PDOException(code: 1049): SQLSTATE[HY000] [1049] Unknown database 'crud' at /opt/lampp/htdocs/Laravel/Tugas_Kelompok_Laravel/project_perpustakaan/vendor/laravel/framework/src/Illuminate/Database/Connectors/Connector.php:70)
[stacktrace]
#0 /opt/lampp/htdocs/Laravel/Tugas_Kelompok_Laravel/project_perpustakaan/vendor/laravel/framework/src/Illuminate/Database/Connection.php(624): Illuminate\\Database\\Connection->runQueryCallback('select * from i...', Array, Object(Closure))
#1 /opt/lampp/htdocs/Laravel/Tugas_Kelompok_Laravel/project_perpustakaan/vendor/laravel/framework/src/Illuminate/Database/Connection.php(333): Illuminate\\Database\\Connection->run('select * from i...', Array, Object(Closure))
#2 /opt/lampp/htdocs/Laravel/Tugas_Kelompok_Laravel/project_perpustakaan/vendor/laravel/framework/src/Illuminate/Database/Schema/MySqlBuilder.php(18): Illuminate\\Database\\Connection->select('select * from i...', Array)
#3 /opt/lampp/htdocs/Laravel/Tugas_Kelompok_Laravel/project_perpustakaan/vendor/laravel/framework/src/Illuminate/Database/Migrations/DatabaseMigrationRepository.php(169): Illuminate\\Database\\Schema\\MySqlBuilder->hasTable('migrations')
#4 /opt/lampp/htdocs/Laravel/Tugas_Kelompok_Laravel/project_perpustakaan/vendor/laravel/framework/src/Illuminate/Database/Migrations/Migrator.php(585): Illuminate\\Database\\Migrations\\DatabaseMigrationRepository->repositoryExists()
#5 /opt/lampp/htdocs/Laravel/Tugas_Kelompok_Laravel/project_perpustakaan/vendor/laravel/framework/src/Illuminate/Database/Console/Migrations/MigrateCommand.php(91): Illuminate\\Database\\Migrations\\Migrator->repositoryExists()
#6 /opt/lampp/htdocs/Laravel/Tugas_Kelompok_Laravel/project_perpustakaan/vendor/laravel/framework/src/Illuminate/Database/Console/Migrations/MigrateCommand.php(63): Illuminate\\Database\\Console\\Migrations\\MigrateCommand->prepareDatabase()
#7 [internal function]: Illuminate\\Database\\Console\\Migrations\\MigrateCommand->handle()
#8 /opt/lampp/htdocs/Laravel/Tugas_Kelompok_Laravel/project_perpustakaan/vendor/laravel/framework/src/Illuminate/Container/BoundMethod.php(32): call_user_func_array(Array, Array)
#9 /opt/lampp/htdocs/Laravel/Tugas_Kelompok_Laravel/project_perpustakaan/vendor/laravel/framework/src/Illuminate/Container/BoundMethod.php(90): Illuminate\\Container\\BoundMethod::Illuminate\\Container\\{closure}()
#10 /opt/lampp/htdocs/Laravel/Tugas_Kelompok_Laravel/project_perpustakaan/vendor/laravel/framework/src/Illuminate/Container/BoundMethod.php(34): Illuminate\\Container\\BoundMethod::callBoundMethod(Object(Illuminate\\Foundation\\Application), Array, Object(Closure))
#11 /opt/lampp/htdocs/Laravel/Tugas_Kelompok_Laravel/project_perpustakaan/vendor/laravel/framework/src/Illuminate/Container/Container.php(576): Illuminate\\Container\\BoundMethod::call(Object(Illuminate\\Foundation\\Application), Array, Array, NULL)
#12 /opt/lampp/htdocs/Laravel/Tugas_Kelompok_Laravel/project_perpustakaan/vendor/laravel/framework/src/Illuminate/Console/Command.php(183): Illuminate\\Container\\Container->call(Array)
#13 /opt/lampp/htdocs/Laravel/Tugas_Kelompok_Laravel/project_perpustakaan/vendor/symfony/console/Command/Command.php(255): Illuminate\\Console\\Command->execute(Object(Symfony\\Component\\Console\\Input\\ArgvInput), Object(Illuminate\\Console\\OutputStyle))
#14 /opt/lampp/htdocs/Laravel/Tugas_Kelompok_Laravel/project_perpustakaan/vendor/laravel/framework/src/Illuminate/Console/Command.php(170): Symfony\\Component\\Console\\Command\\Command->run(Object(Symfony\\Component\\Console\\Input\\ArgvInput), Object(Illuminate\\Console\\OutputStyle))
#15 /opt/lampp/htdocs/Laravel/Tugas_Kelompok_Laravel/project_perpustakaan/vendor/symfony/console/Application.php(915): Illuminate\\Console\\Command->run(Object(Symfony\\Component\\Console\\Input\\ArgvInput), Object(Symfony\\Component\\Console\\Output\\ConsoleOutput))
#16 /opt/lampp/htdocs/Laravel/Tugas_Kelompok_Laravel/project_perpustakaan/vendor/symfony/console/Application.php(272): Symfony\\Component\\Console\\Application->doRunCommand(Object(Illuminate\\Database\\Console\\Migrations\\MigrateCommand), Object(Symfony\\Component\\Console\\Input\\ArgvInput), Object(Symfony\\Component\\Console\\Output\\ConsoleOutput))
#17 /opt/lampp/htdocs/Laravel/Tugas_Kelompok_Laravel/project_perpustakaan/vendor/symfony/console/Application.php(148): Symfony\\Component\\Console\\Application->doRun(Object(Symfony\\Component\\Console\\Input\\ArgvInput), Object(Symfony\\Component\\Console\\Output\\ConsoleOutput))
#18 /opt/lampp/htdocs/Laravel/Tugas_Kelompok_Laravel/project_perpustakaan/vendor/laravel/framework/src/Illuminate/Console/Application.php(90): Symfony\\Component\\Console\\Application->run(Object(Symfony\\Component\\Console\\Input\\ArgvInput), Object(Symfony\\Component\\Console\\Output\\ConsoleOutput))
#19 /opt/lampp/htdocs/Laravel/Tugas_Kelompok_Laravel/project_perpustakaan/vendor/laravel/framework/src/Illuminate/Foundation/Console/Kernel.php(133): Illuminate\\Console\\Application->run(Object(Symfony\\Component\\Console\\Input\\ArgvInput), Object(Symfony\\Component\\Console\\Output\\ConsoleOutput))
#20 /opt/lampp/htdocs/Laravel/Tugas_Kelompok_Laravel/project_perpustakaan/artisan(37): Illuminate\\Foundation\\Console\\Kernel->handle(Object(Symfony\\Component\\Console\\Input\\ArgvInput), Object(Symfony\\Component\\Console\\Output\\ConsoleOutput))
#21 {main}
"} 
[2019-09-02 00:10:45] local.ERROR: SQLSTATE[HY000] [1049] Unknown database 'crud' (SQL: select * from information_schema.tables where table_schema = crud and table_name = migrations and table_type = 'BASE TABLE') {"exception":"[object] (Illuminate\\Database\\QueryException(code: 1049): SQLSTATE[HY000] [1049] Unknown database 'crud' (SQL: select * from information_schema.tables where table_schema = crud and table_name = migrations and table_type = 'BASE TABLE') at /opt/lampp/htdocs/Laravel/Tugas_Kelompok_Laravel/project_perpustakaan/vendor/laravel/framework/src/Illuminate/Database/Connection.php:664, PDOException(code: 1049): SQLSTATE[HY000] [1049] Unknown database 'crud' at /opt/lampp/htdocs/Laravel/Tugas_Kelompok_Laravel/project_perpustakaan/vendor/laravel/framework/src/Illuminate/Database/Connectors/Connector.php:70)
[stacktrace]
#0 /opt/lampp/htdocs/Laravel/Tugas_Kelompok_Laravel/project_perpustakaan/vendor/laravel/framework/src/Illuminate/Database/Connection.php(624): Illuminate\\Database\\Connection->runQueryCallback('select * from i...', Array, Object(Closure))
#1 /opt/lampp/htdocs/Laravel/Tugas_Kelompok_Laravel/project_perpustakaan/vendor/laravel/framework/src/Illuminate/Database/Connection.php(333): Illuminate\\Database\\Connection->run('select * from i...', Array, Object(Closure))
#2 /opt/lampp/htdocs/Laravel/Tugas_Kelompok_Laravel/project_perpustakaan/vendor/laravel/framework/src/Illuminate/Database/Schema/MySqlBuilder.php(18): Illuminate\\Database\\Connection->select('select * from i...', Array)
#3 /opt/lampp/htdocs/Laravel/Tugas_Kelompok_Laravel/project_perpustakaan/vendor/laravel/framework/src/Illuminate/Database/Migrations/DatabaseMigrationRepository.php(169): Illuminate\\Database\\Schema\\MySqlBuilder->hasTable('migrations')
#4 /opt/lampp/htdocs/Laravel/Tugas_Kelompok_Laravel/project_perpustakaan/vendor/laravel/framework/src/Illuminate/Database/Migrations/Migrator.php(585): Illuminate\\Database\\Migrations\\DatabaseMigrationRepository->repositoryExists()
#5 /opt/lampp/htdocs/Laravel/Tugas_Kelompok_Laravel/project_perpustakaan/vendor/laravel/framework/src/Illuminate/Database/Console/Migrations/MigrateCommand.php(91): Illuminate\\Database\\Migrations\\Migrator->repositoryExists()
#6 /opt/lampp/htdocs/Laravel/Tugas_Kelompok_Laravel/project_perpustakaan/vendor/laravel/framework/src/Illuminate/Database/Console/Migrations/MigrateCommand.php(63): Illuminate\\Database\\Console\\Migrations\\MigrateCommand->prepareDatabase()
#7 [internal function]: Illuminate\\Database\\Console\\Migrations\\MigrateCommand->handle()
#8 /opt/lampp/htdocs/Laravel/Tugas_Kelompok_Laravel/project_perpustakaan/vendor/laravel/framework/src/Illuminate/Container/BoundMethod.php(32): call_user_func_array(Array, Array)
#9 /opt/lampp/htdocs/Laravel/Tugas_Kelompok_Laravel/project_perpustakaan/vendor/laravel/framework/src/Illuminate/Container/BoundMethod.php(90): Illuminate\\Container\\BoundMethod::Illuminate\\Container\\{closure}()
#10 /opt/lampp/htdocs/Laravel/Tugas_Kelompok_Laravel/project_perpustakaan/vendor/laravel/framework/src/Illuminate/Container/BoundMethod.php(34): Illuminate\\Container\\BoundMethod::callBoundMethod(Object(Illuminate\\Foundation\\Application), Array, Object(Closure))
#11 /opt/lampp/htdocs/Laravel/Tugas_Kelompok_Laravel/project_perpustakaan/vendor/laravel/framework/src/Illuminate/Container/Container.php(576): Illuminate\\Container\\BoundMethod::call(Object(Illuminate\\Foundation\\Application), Array, Array, NULL)
#12 /opt/lampp/htdocs/Laravel/Tugas_Kelompok_Laravel/project_perpustakaan/vendor/laravel/framework/src/Illuminate/Console/Command.php(183): Illuminate\\Container\\Container->call(Array)
#13 /opt/lampp/htdocs/Laravel/Tugas_Kelompok_Laravel/project_perpustakaan/vendor/symfony/console/Command/Command.php(255): Illuminate\\Console\\Command->execute(Object(Symfony\\Component\\Console\\Input\\ArgvInput), Object(Illuminate\\Console\\OutputStyle))
#14 /opt/lampp/htdocs/Laravel/Tugas_Kelompok_Laravel/project_perpustakaan/vendor/laravel/framework/src/Illuminate/Console/Command.php(170): Symfony\\Component\\Console\\Command\\Command->run(Object(Symfony\\Component\\Console\\Input\\ArgvInput), Object(Illuminate\\Console\\OutputStyle))
#15 /opt/lampp/htdocs/Laravel/Tugas_Kelompok_Laravel/project_perpustakaan/vendor/symfony/console/Application.php(915): Illuminate\\Console\\Command->run(Object(Symfony\\Component\\Console\\Input\\ArgvInput), Object(Symfony\\Component\\Console\\Output\\ConsoleOutput))
#16 /opt/lampp/htdocs/Laravel/Tugas_Kelompok_Laravel/project_perpustakaan/vendor/symfony/console/Application.php(272): Symfony\\Component\\Console\\Application->doRunCommand(Object(Illuminate\\Database\\Console\\Migrations\\MigrateCommand), Object(Symfony\\Component\\Console\\Input\\ArgvInput), Object(Symfony\\Component\\Console\\Output\\ConsoleOutput))
#17 /opt/lampp/htdocs/Laravel/Tugas_Kelompok_Laravel/project_perpustakaan/vendor/symfony/console/Application.php(148): Symfony\\Component\\Console\\Application->doRun(Object(Symfony\\Component\\Console\\Input\\ArgvInput), Object(Symfony\\Component\\Console\\Output\\ConsoleOutput))
#18 /opt/lampp/htdocs/Laravel/Tugas_Kelompok_Laravel/project_perpustakaan/vendor/laravel/framework/src/Illuminate/Console/Application.php(90): Symfony\\Component\\Console\\Application->run(Object(Symfony\\Component\\Console\\Input\\ArgvInput), Object(Symfony\\Component\\Console\\Output\\ConsoleOutput))
#19 /opt/lampp/htdocs/Laravel/Tugas_Kelompok_Laravel/project_perpustakaan/vendor/laravel/framework/src/Illuminate/Foundation/Console/Kernel.php(133): Illuminate\\Console\\Application->run(Object(Symfony\\Component\\Console\\Input\\ArgvInput), Object(Symfony\\Component\\Console\\Output\\ConsoleOutput))
#20 /opt/lampp/htdocs/Laravel/Tugas_Kelompok_Laravel/project_perpustakaan/artisan(37): Illuminate\\Foundation\\Console\\Kernel->handle(Object(Symfony\\Component\\Console\\Input\\ArgvInput), Object(Symfony\\Component\\Console\\Output\\ConsoleOutput))
#21 {main}
"} 
[2019-09-02 00:11:18] local.ERROR: Command "server" is not defined.

Did you mean one of these?
    dump-server
    make:observer
    serve {"exception":"[object] (Symfony\\Component\\Console\\Exception\\CommandNotFoundException(code: 0): Command \"server\" is not defined.

Did you mean one of these?
    dump-server
    make:observer
    serve at /opt/lampp/htdocs/Laravel/Tugas_Kelompok_Laravel/project_perpustakaan/vendor/symfony/console/Application.php:646)
[stacktrace]
#0 /opt/lampp/htdocs/Laravel/Tugas_Kelompok_Laravel/project_perpustakaan/vendor/symfony/console/Application.php(236): Symfony\\Component\\Console\\Application->find('server')
#1 /opt/lampp/htdocs/Laravel/Tugas_Kelompok_Laravel/project_perpustakaan/vendor/symfony/console/Application.php(148): Symfony\\Component\\Console\\Application->doRun(Object(Symfony\\Component\\Console\\Input\\ArgvInput), Object(Symfony\\Component\\Console\\Output\\ConsoleOutput))
#2 /opt/lampp/htdocs/Laravel/Tugas_Kelompok_Laravel/project_perpustakaan/vendor/laravel/framework/src/Illuminate/Console/Application.php(90): Symfony\\Component\\Console\\Application->run(Object(Symfony\\Component\\Console\\Input\\ArgvInput), Object(Symfony\\Component\\Console\\Output\\ConsoleOutput))
#3 /opt/lampp/htdocs/Laravel/Tugas_Kelompok_Laravel/project_perpustakaan/vendor/laravel/framework/src/Illuminate/Foundation/Console/Kernel.php(133): Illuminate\\Console\\Application->run(Object(Symfony\\Component\\Console\\Input\\ArgvInput), Object(Symfony\\Component\\Console\\Output\\ConsoleOutput))
#4 /opt/lampp/htdocs/Laravel/Tugas_Kelompok_Laravel/project_perpustakaan/artisan(37): Illuminate\\Foundation\\Console\\Kernel->handle(Object(Symfony\\Component\\Console\\Input\\ArgvInput), Object(Symfony\\Component\\Console\\Output\\ConsoleOutput))
#5 {main}
"} 
[2019-09-02 00:14:52] local.ERROR: SQLSTATE[HY000] [1049] Unknown database 'perpustakaan' (SQL: select * from information_schema.tables where table_schema = perpustakaan and table_name = migrations and table_type = 'BASE TABLE') {"exception":"[object] (Illuminate\\Database\\QueryException(code: 1049): SQLSTATE[HY000] [1049] Unknown database 'perpustakaan' (SQL: select * from information_schema.tables where table_schema = perpustakaan and table_name = migrations and table_type = 'BASE TABLE') at /opt/lampp/htdocs/Laravel/Tugas_Kelompok_Laravel/project_perpustakaan/vendor/laravel/framework/src/Illuminate/Database/Connection.php:664, PDOException(code: 1049): SQLSTATE[HY000] [1049] Unknown database 'perpustakaan' at /opt/lampp/htdocs/Laravel/Tugas_Kelompok_Laravel/project_perpustakaan/vendor/laravel/framework/src/Illuminate/Database/Connectors/Connector.php:70)
[stacktrace]
#0 /opt/lampp/htdocs/Laravel/Tugas_Kelompok_Laravel/project_perpustakaan/vendor/laravel/framework/src/Illuminate/Database/Connection.php(624): Illuminate\\Database\\Connection->runQueryCallback('select * from i...', Array, Object(Closure))
#1 /opt/lampp/htdocs/Laravel/Tugas_Kelompok_Laravel/project_perpustakaan/vendor/laravel/framework/src/Illuminate/Database/Connection.php(333): Illuminate\\Database\\Connection->run('select * from i...', Array, Object(Closure))
#2 /opt/lampp/htdocs/Laravel/Tugas_Kelompok_Laravel/project_perpustakaan/vendor/laravel/framework/src/Illuminate/Database/Schema/MySqlBuilder.php(18): Illuminate\\Database\\Connection->select('select * from i...', Array)
#3 /opt/lampp/htdocs/Laravel/Tugas_Kelompok_Laravel/project_perpustakaan/vendor/laravel/framework/src/Illuminate/Database/Migrations/DatabaseMigrationRepository.php(169): Illuminate\\Database\\Schema\\MySqlBuilder->hasTable('migrations')
#4 /opt/lampp/htdocs/Laravel/Tugas_Kelompok_Laravel/project_perpustakaan/vendor/laravel/framework/src/Illuminate/Database/Migrations/Migrator.php(585): Illuminate\\Database\\Migrations\\DatabaseMigrationRepository->repositoryExists()
#5 /opt/lampp/htdocs/Laravel/Tugas_Kelompok_Laravel/project_perpustakaan/vendor/laravel/framework/src/Illuminate/Database/Console/Migrations/MigrateCommand.php(91): Illuminate\\Database\\Migrations\\Migrator->repositoryExists()
#6 /opt/lampp/htdocs/Laravel/Tugas_Kelompok_Laravel/project_perpustakaan/vendor/laravel/framework/src/Illuminate/Database/Console/Migrations/MigrateCommand.php(63): Illuminate\\Database\\Console\\Migrations\\MigrateCommand->prepareDatabase()
#7 [internal function]: Illuminate\\Database\\Console\\Migrations\\MigrateCommand->handle()
#8 /opt/lampp/htdocs/Laravel/Tugas_Kelompok_Laravel/project_perpustakaan/vendor/laravel/framework/src/Illuminate/Container/BoundMethod.php(32): call_user_func_array(Array, Array)
#9 /opt/lampp/htdocs/Laravel/Tugas_Kelompok_Laravel/project_perpustakaan/vendor/laravel/framework/src/Illuminate/Container/BoundMethod.php(90): Illuminate\\Container\\BoundMethod::Illuminate\\Container\\{closure}()
#10 /opt/lampp/htdocs/Laravel/Tugas_Kelompok_Laravel/project_perpustakaan/vendor/laravel/framework/src/Illuminate/Container/BoundMethod.php(34): Illuminate\\Container\\BoundMethod::callBoundMethod(Object(Illuminate\\Foundation\\Application), Array, Object(Closure))
#11 /opt/lampp/htdocs/Laravel/Tugas_Kelompok_Laravel/project_perpustakaan/vendor/laravel/framework/src/Illuminate/Container/Container.php(576): Illuminate\\Container\\BoundMethod::call(Object(Illuminate\\Foundation\\Application), Array, Array, NULL)
#12 /opt/lampp/htdocs/Laravel/Tugas_Kelompok_Laravel/project_perpustakaan/vendor/laravel/framework/src/Illuminate/Console/Command.php(183): Illuminate\\Container\\Container->call(Array)
#13 /opt/lampp/htdocs/Laravel/Tugas_Kelompok_Laravel/project_perpustakaan/vendor/symfony/console/Command/Command.php(255): Illuminate\\Console\\Command->execute(Object(Symfony\\Component\\Console\\Input\\ArgvInput), Object(Illuminate\\Console\\OutputStyle))
#14 /opt/lampp/htdocs/Laravel/Tugas_Kelompok_Laravel/project_perpustakaan/vendor/laravel/framework/src/Illuminate/Console/Command.php(170): Symfony\\Component\\Console\\Command\\Command->run(Object(Symfony\\Component\\Console\\Input\\ArgvInput), Object(Illuminate\\Console\\OutputStyle))
#15 /opt/lampp/htdocs/Laravel/Tugas_Kelompok_Laravel/project_perpustakaan/vendor/symfony/console/Application.php(915): Illuminate\\Console\\Command->run(Object(Symfony\\Component\\Console\\Input\\ArgvInput), Object(Symfony\\Component\\Console\\Output\\ConsoleOutput))
#16 /opt/lampp/htdocs/Laravel/Tugas_Kelompok_Laravel/project_perpustakaan/vendor/symfony/console/Application.php(272): Symfony\\Component\\Console\\Application->doRunCommand(Object(Illuminate\\Database\\Console\\Migrations\\MigrateCommand), Object(Symfony\\Component\\Console\\Input\\ArgvInput), Object(Symfony\\Component\\Console\\Output\\ConsoleOutput))
#17 /opt/lampp/htdocs/Laravel/Tugas_Kelompok_Laravel/project_perpustakaan/vendor/symfony/console/Application.php(148): Symfony\\Component\\Console\\Application->doRun(Object(Symfony\\Component\\Console\\Input\\ArgvInput), Object(Symfony\\Component\\Console\\Output\\ConsoleOutput))
#18 /opt/lampp/htdocs/Laravel/Tugas_Kelompok_Laravel/project_perpustakaan/vendor/laravel/framework/src/Illuminate/Console/Application.php(90): Symfony\\Component\\Console\\Application->run(Object(Symfony\\Component\\Console\\Input\\ArgvInput), Object(Symfony\\Component\\Console\\Output\\ConsoleOutput))
#19 /opt/lampp/htdocs/Laravel/Tugas_Kelompok_Laravel/project_perpustakaan/vendor/laravel/framework/src/Illuminate/Foundation/Console/Kernel.php(133): Illuminate\\Console\\Application->run(Object(Symfony\\Component\\Console\\Input\\ArgvInput), Object(Symfony\\Component\\Console\\Output\\ConsoleOutput))
#20 /opt/lampp/htdocs/Laravel/Tugas_Kelompok_Laravel/project_perpustakaan/artisan(37): Illuminate\\Foundation\\Console\\Kernel->handle(Object(Symfony\\Component\\Console\\Input\\ArgvInput), Object(Symfony\\Component\\Console\\Output\\ConsoleOutput))
#21 {main}
"} 
